 Input rates please:
   200.000000    
   14.0000000    
   11.0000000    
   10.0000000    
   17.0000000    
   16.0000000    
   40.0000000    
   39.0000000    
   41.0000000    
   16.0000000    
   128.000000    
   27.0000000    
   17.0000000    
   16.0000000    
   3.00000000    
   16.0000000    
   17.0000000    
   10000.0000    
   17.0000000    
   4.00000000    
   17.0000000    
   16.0000000    
   17.0000000    
   32.0000000    
   17.0000000    
   16.0000000    
   49.0000000    
   16.0000000    
   17.0000000    
   16.0000000    
   17.0000000    
 Average rate:    350.935486    
 Standard Deviation:    1762.07922    
